incorrect_param_types.impala:1 col 9 - 11: error: expected type, got 'for'
incorrect_param_types.impala:1 col 19: error: 'k' not found in current scope
incorrect_param_types.impala:2 col 9: error: 'j' not found in current scope
incorrect_param_types.impala:1 col 29 - 3 col 1: error: mismatched types: expected 'i32' but found '()' as return type
